<?xml version="1.0" encoding="UTF-8"?>
<!-- Generated by org.testng.reporters.JUnitXMLReporter -->
<testsuite ignored="0" hostname="DESKTOP-M101FJ5" failures="0" tests="5" name="Surefire test" time="0.136" errors="0" timestamp="2023-11-07T13:59:29 IST">
  <testcase classname="com.lbrce.devops.UserValidationTest" name="Test1" time="0.039"/>
  <testcase classname="com.lbrce.devops.UserValidationTest" name="Test2" time="0.0"/>
  <testcase classname="com.lbrce.devops.UserValidationTest" name="Test3" time="0.001"/>
  <testcase classname="com.lbrce.devops.UserValidationTest" name="Test4" time="0.0"/>
  <testcase classname="com.lbrce.devops.UserValidationTest" name="Test5" time="0.002"/>
</testsuite> <!-- Surefire test -->
