<?xml version="1.0" encoding="UTF-8"?>
<testng-results ignored="0" total="5" passed="5" failed="0" skipped="0">
  <reporter-output>
  </reporter-output>
  <suite started-at="2023-11-07T13:59:29 IST" name="Surefire suite" finished-at="2023-11-07T13:59:29 IST" duration-ms="136">
    <groups>
    </groups>
    <test started-at="2023-11-07T13:59:29 IST" name="Surefire test" finished-at="2023-11-07T13:59:29 IST" duration-ms="136">
      <class name="com.lbrce.devops.UserValidationTest">
        <test-method signature="Test1()[pri:0, instance:com.lbrce.devops.UserValidationTest@6e509ffa]" started-at="2023-11-07T13:59:29 IST" name="Test1" finished-at="2023-11-07T13:59:29 IST" duration-ms="39" status="PASS">
          <reporter-output>
          </reporter-output>
        </test-method> <!-- Test1 -->
        <test-method signature="Test2()[pri:0, instance:com.lbrce.devops.UserValidationTest@6e509ffa]" started-at="2023-11-07T13:59:29 IST" name="Test2" finished-at="2023-11-07T13:59:29 IST" duration-ms="0" status="PASS">
          <reporter-output>
          </reporter-output>
        </test-method> <!-- Test2 -->
        <test-method signature="Test3()[pri:0, instance:com.lbrce.devops.UserValidationTest@6e509ffa]" started-at="2023-11-07T13:59:29 IST" name="Test3" finished-at="2023-11-07T13:59:29 IST" duration-ms="1" status="PASS">
          <reporter-output>
          </reporter-output>
        </test-method> <!-- Test3 -->
        <test-method signature="Test4()[pri:0, instance:com.lbrce.devops.UserValidationTest@6e509ffa]" started-at="2023-11-07T13:59:29 IST" name="Test4" finished-at="2023-11-07T13:59:29 IST" duration-ms="0" status="PASS">
          <reporter-output>
          </reporter-output>
        </test-method> <!-- Test4 -->
        <test-method signature="Test5()[pri:0, instance:com.lbrce.devops.UserValidationTest@6e509ffa]" started-at="2023-11-07T13:59:29 IST" name="Test5" finished-at="2023-11-07T13:59:29 IST" duration-ms="2" status="PASS">
          <reporter-output>
          </reporter-output>
        </test-method> <!-- Test5 -->
      </class> <!-- com.lbrce.devops.UserValidationTest -->
    </test> <!-- Surefire test -->
  </suite> <!-- Surefire suite -->
</testng-results>
